c:\users\joel\documents\arkhana\arkhana\arkhana\x64\release\arkhana.ipdb
c:\users\joel\documents\arkhana\arkhana\arkhana\x64\release\arkhana.iobj
c:\users\joel\documents\arkhana\arkhana\arkhana\arkhana\x64\release\vc142.pdb
c:\users\joel\documents\arkhana\arkhana\arkhana\arkhana\x64\release\unitzone.obj
c:\users\joel\documents\arkhana\arkhana\arkhana\arkhana\x64\release\database.obj
c:\users\joel\documents\arkhana\arkhana\arkhana\arkhana\x64\release\unit.obj
c:\users\joel\documents\arkhana\arkhana\arkhana\arkhana\x64\release\pathscreen.obj
c:\users\joel\documents\arkhana\arkhana\arkhana\arkhana\x64\release\screen.obj
c:\users\joel\documents\arkhana\arkhana\arkhana\arkhana\x64\release\rewardscreen.obj
c:\users\joel\documents\arkhana\arkhana\arkhana\arkhana\x64\release\player.obj
c:\users\joel\documents\arkhana\arkhana\arkhana\arkhana\x64\release\modifier.obj
c:\users\joel\documents\arkhana\arkhana\arkhana\arkhana\x64\release\mainmenuscreen.obj
c:\users\joel\documents\arkhana\arkhana\arkhana\arkhana\x64\release\infopane.obj
c:\users\joel\documents\arkhana\arkhana\arkhana\arkhana\x64\release\gameobject.obj
c:\users\joel\documents\arkhana\arkhana\arkhana\arkhana\x64\release\forgescreen.obj
c:\users\joel\documents\arkhana\arkhana\arkhana\arkhana\x64\release\enemy.obj
c:\users\joel\documents\arkhana\arkhana\arkhana\arkhana\x64\release\endturnbutton.obj
c:\users\joel\documents\arkhana\arkhana\arkhana\arkhana\x64\release\encounter.obj
c:\users\joel\documents\arkhana\arkhana\arkhana\arkhana\x64\release\combatscreen.obj
c:\users\joel\documents\arkhana\arkhana\arkhana\arkhana\x64\release\card.obj
c:\users\joel\documents\arkhana\arkhana\arkhana\arkhana\x64\release\arkhana.obj
c:\users\joel\documents\arkhana\arkhana\arkhana\arkhana\x64\release\aicontroller.obj
c:\users\joel\documents\arkhana\arkhana\arkhana\x64\release\arkhana.exe
c:\users\joel\documents\arkhana\arkhana\arkhana\x64\release\arkhana.pdb
c:\users\joel\documents\arkhana\arkhana\arkhana\arkhana\x64\release\arkhana.tlog\arkhana.write.1u.tlog
c:\users\joel\documents\arkhana\arkhana\arkhana\arkhana\x64\release\arkhana.tlog\cl.command.1.tlog
c:\users\joel\documents\arkhana\arkhana\arkhana\arkhana\x64\release\arkhana.tlog\cl.read.1.tlog
c:\users\joel\documents\arkhana\arkhana\arkhana\arkhana\x64\release\arkhana.tlog\cl.write.1.tlog
c:\users\joel\documents\arkhana\arkhana\arkhana\arkhana\x64\release\arkhana.tlog\link.command.1.tlog
c:\users\joel\documents\arkhana\arkhana\arkhana\arkhana\x64\release\arkhana.tlog\link.read.1.tlog
c:\users\joel\documents\arkhana\arkhana\arkhana\arkhana\x64\release\arkhana.tlog\link.write.1.tlog
