c:\users\joel\documents\arkhana\arkhana\arkhana\arkhana\x64\debug\vc142.pdb
c:\users\joel\documents\arkhana\arkhana\arkhana\arkhana\x64\debug\vc142.idb
c:\users\joel\documents\arkhana\arkhana\arkhana\arkhana\x64\debug\unitzone.obj
c:\users\joel\documents\arkhana\arkhana\arkhana\arkhana\x64\debug\database.obj
c:\users\joel\documents\arkhana\arkhana\arkhana\arkhana\x64\debug\unit.obj
c:\users\joel\documents\arkhana\arkhana\arkhana\arkhana\x64\debug\pathscreen.obj
c:\users\joel\documents\arkhana\arkhana\arkhana\arkhana\x64\debug\screen.obj
c:\users\joel\documents\arkhana\arkhana\arkhana\arkhana\x64\debug\rewardscreen.obj
c:\users\joel\documents\arkhana\arkhana\arkhana\arkhana\x64\debug\player.obj
c:\users\joel\documents\arkhana\arkhana\arkhana\arkhana\x64\debug\modifier.obj
c:\users\joel\documents\arkhana\arkhana\arkhana\arkhana\x64\debug\mainmenuscreen.obj
c:\users\joel\documents\arkhana\arkhana\arkhana\arkhana\x64\debug\infopane.obj
c:\users\joel\documents\arkhana\arkhana\arkhana\arkhana\x64\debug\gameobject.obj
c:\users\joel\documents\arkhana\arkhana\arkhana\arkhana\x64\debug\forgescreen.obj
c:\users\joel\documents\arkhana\arkhana\arkhana\arkhana\x64\debug\enemy.obj
c:\users\joel\documents\arkhana\arkhana\arkhana\arkhana\x64\debug\endturnbutton.obj
c:\users\joel\documents\arkhana\arkhana\arkhana\arkhana\x64\debug\encounter.obj
c:\users\joel\documents\arkhana\arkhana\arkhana\arkhana\x64\debug\combatscreen.obj
c:\users\joel\documents\arkhana\arkhana\arkhana\arkhana\x64\debug\card.obj
c:\users\joel\documents\arkhana\arkhana\arkhana\arkhana\x64\debug\arkhana.obj
c:\users\joel\documents\arkhana\arkhana\arkhana\arkhana\x64\debug\aicontroller.obj
c:\users\joel\documents\arkhana\arkhana\arkhana\x64\debug\arkhana.exe
c:\users\joel\documents\arkhana\arkhana\arkhana\x64\debug\arkhana.ilk
c:\users\joel\documents\arkhana\arkhana\arkhana\x64\debug\arkhana.pdb
c:\users\joel\documents\arkhana\arkhana\arkhana\arkhana\x64\debug\combatscreen.obj.enc
c:\users\joel\documents\arkhana\arkhana\arkhana\arkhana\x64\debug\arkhana.ilk
c:\users\joel\documents\arkhana\arkhana\arkhana\arkhana\x64\debug\arkhana.tlog\cl.command.1.tlog
c:\users\joel\documents\arkhana\arkhana\arkhana\arkhana\x64\debug\arkhana.tlog\cl.read.1.tlog
c:\users\joel\documents\arkhana\arkhana\arkhana\arkhana\x64\debug\arkhana.tlog\cl.write.1.tlog
c:\users\joel\documents\arkhana\arkhana\arkhana\arkhana\x64\debug\arkhana.tlog\link.command.1.tlog
c:\users\joel\documents\arkhana\arkhana\arkhana\arkhana\x64\debug\arkhana.tlog\link.delete.1.tlog
c:\users\joel\documents\arkhana\arkhana\arkhana\arkhana\x64\debug\arkhana.tlog\link.read.1.tlog
c:\users\joel\documents\arkhana\arkhana\arkhana\arkhana\x64\debug\arkhana.tlog\link.write.1.tlog
