  Arkhana.cpp
  Card.cpp
  CombatScreen.cpp
  Encounter.cpp
  Enemy.cpp
  PathScreen.cpp
C:\Users\Joel\Documents\Arkhana\Arkhana\Arkhana\Arkhana\PathScreen.cpp(8,12): warning C4244: 'argument': conversion from 'time_t' to 'unsigned int', possible loss of data
C:\Users\Joel\Documents\Arkhana\Arkhana\Arkhana\Arkhana\PathScreen.cpp(70,58): warning C4244: 'argument': conversion from 'int' to 'T', possible loss of data
          with
          [
              T=float
          ]
C:\Users\Joel\Documents\Arkhana\Arkhana\Arkhana\Arkhana\PathScreen.cpp(70,47): warning C4244: 'argument': conversion from 'int' to 'T', possible loss of data
          with
          [
              T=float
          ]
  Player.cpp
  RewardScreen.cpp
  UnitZone.cpp
C:\Users\Joel\Documents\Arkhana\Arkhana\Arkhana\Arkhana\UnitZone.cpp(26,26): warning C4244: '+=': conversion from 'float' to 'int', possible loss of data
C:\Users\Joel\Documents\Arkhana\Arkhana\Arkhana\Arkhana\UnitZone.cpp(34,26): warning C4244: '+=': conversion from 'float' to 'int', possible loss of data
C:\Users\Joel\Documents\Arkhana\Arkhana\Arkhana\Arkhana\UnitZone.cpp(40,29): warning C4267: 'initializing': conversion from 'size_t' to 'int', possible loss of data
C:\Users\Joel\Documents\Arkhana\Arkhana\Arkhana\Arkhana\UnitZone.cpp(41,78): warning C4244: 'argument': conversion from 'int' to 'T', possible loss of data
          with
          [
              T=float
          ]
C:\Users\Joel\Documents\Arkhana\Arkhana\Arkhana\Arkhana\UnitZone.cpp(41,60): warning C4244: 'argument': conversion from 'int' to 'T', possible loss of data
          with
          [
              T=float
          ]
  Generating Code...
  Arkhana.vcxproj -> C:\Users\Joel\Documents\Arkhana\Arkhana\Arkhana\x64\Debug\Arkhana.exe
